<?xml version="1.0" encoding="UTF-8"?>
<!-- Generated by org.testng.reporters.JUnitReportReporter -->
<testsuite hostname="192.168.1.7" failures="0" tests="3" name="SelConnect.dataProviderPrac" time="0.009" errors="0" timestamp="2025-07-26T20:59:42 IST" skipped="0">
  <testcase classname="SelConnect.dataProviderPrac" name="sumOfSqr" time="0.008"/>
  <testcase classname="SelConnect.dataProviderPrac" name="sumOfSqr" time="0.000"/>
  <testcase classname="SelConnect.dataProviderPrac" name="sumOfSqr" time="0.001"/>
</testsuite> <!-- SelConnect.dataProviderPrac -->
