<?xml version="1.0" encoding="UTF-8"?>
<!-- Generated by org.testng.reporters.JUnitReportReporter -->
<testsuite hostname="192.168.1.7" failures="0" tests="4" name="SelConnect.testNGdemo" time="11.212" errors="0" timestamp="2025-07-26T18:14:29 IST" skipped="0">
  <testcase classname="SelConnect.testNGdemo" name="hitMarketSite" time="2.038"/>
  <testcase classname="SelConnect.testNGdemo" name="hitMySite" time="1.645"/>
  <testcase classname="SelConnect.testNGdemo" name="hitOHRMSite" time="6.626"/>
  <testcase classname="SelConnect.testNGdemo" name="hitGoogleSite" time="0.903"/>
</testsuite> <!-- SelConnect.testNGdemo -->
