<?xml version="1.0" encoding="UTF-8"?>
<!-- Generated by org.testng.reporters.JUnitReportReporter -->
<testsuite hostname="192.168.1.13" failures="0" tests="1" name="com.qa.testCycle.tests.loginPageTest" time="1.159" errors="0" timestamp="2025-08-03T03:58:33 IST" skipped="0">
  <testcase classname="com.qa.testCycle.tests.loginPageTest" name="loginPageTitleCheck" time="1.159"/>
</testsuite> <!-- com.qa.testCycle.tests.loginPageTest -->
