<?xml version="1.0" encoding="UTF-8"?>
<!-- Generated by org.testng.reporters.JUnitReportReporter -->
<testsuite hostname="192.168.1.19" failures="0" tests="1" name="com.qa.testcyle.tests.LoginPageTest" time="0.950" errors="0" timestamp="2025-08-04T03:35:25 IST" skipped="0">
  <testcase classname="com.qa.testcyle.tests.LoginPageTest" name="loginTest" time="0.950"/>
</testsuite> <!-- com.qa.testcyle.tests.LoginPageTest -->
