<?xml version="1.0" encoding="UTF-8"?>
<!-- Generated by org.testng.reporters.JUnitReportReporter -->
<testsuite hostname="192.168.1.9" failures="0" tests="1" name="com.qa.testcyle.tests.HomePageTest" time="5.032" errors="0" timestamp="2025-08-06T23:49:03 IST" skipped="0">
  <testcase classname="com.qa.testcyle.tests.HomePageTest" name="verifyProductDisplayedCount" time="5.032"/>
</testsuite> <!-- com.qa.testcyle.tests.HomePageTest -->
