<?xml version="1.0" encoding="UTF-8"?>
<!-- Generated by org.testng.reporters.JUnitReportReporter -->
<testsuite hostname="192.168.1.13" failures="0" tests="5" name="com.qa.opencarttesting.tests.HomePageTest" time="0.101" errors="0" timestamp="2025-08-09T18:06:09 IST" skipped="0">
  <testcase classname="com.qa.opencarttesting.tests.HomePageTest" name="verifyNumberOfSubheading" time="0.008"/>
  <testcase classname="com.qa.opencarttesting.tests.HomePageTest" name="verifyNumberOfSubheading" time="0.031"/>
  <testcase classname="com.qa.opencarttesting.tests.HomePageTest" name="verifyNumberOfSubheading" time="0.011"/>
  <testcase classname="com.qa.opencarttesting.tests.HomePageTest" name="verifyNumberOfSubheading" time="0.010"/>
  <testcase classname="com.qa.opencarttesting.tests.HomePageTest" name="verifyNumberOfSubheading" time="0.041"/>
</testsuite> <!-- com.qa.opencarttesting.tests.HomePageTest -->
