<?xml version="1.0" encoding="UTF-8"?>
<!-- Generated by org.testng.reporters.JUnitReportReporter -->
<testsuite hostname="192.168.1.6" failures="0" tests="5" name="com.qa.opencarttesting.tests.HomePageTest" time="0.076" errors="0" timestamp="2025-08-15T23:12:52 IST" skipped="0">
  <testcase classname="com.qa.opencarttesting.tests.HomePageTest" name="verifyNumberOfSubheading" time="0.004"/>
  <testcase classname="com.qa.opencarttesting.tests.HomePageTest" name="verifyNumberOfSubheading" time="0.027"/>
  <testcase classname="com.qa.opencarttesting.tests.HomePageTest" name="verifyNumberOfSubheading" time="0.009"/>
  <testcase classname="com.qa.opencarttesting.tests.HomePageTest" name="verifyNumberOfSubheading" time="0.029"/>
  <testcase classname="com.qa.opencarttesting.tests.HomePageTest" name="verifyNumberOfSubheading" time="0.007"/>
</testsuite> <!-- com.qa.opencarttesting.tests.HomePageTest -->
