<?xml version="1.0" encoding="UTF-8"?>
<!-- Generated by org.testng.reporters.JUnitReportReporter -->
<testsuite hostname="192.168.1.7" failures="0" tests="1" name="com.qa.opencarttesting.tests.HomePageTest" time="0.009" errors="0" timestamp="2025-08-19T15:15:29 IST" skipped="0">
  <testcase classname="com.qa.opencarttesting.tests.HomePageTest" name="verifyURL" time="0.009"/>
</testsuite> <!-- com.qa.opencarttesting.tests.HomePageTest -->
