<?xml version="1.0" encoding="UTF-8"?>
<!-- Generated by org.testng.reporters.JUnitReportReporter -->
<testsuite hostname="192.168.1.13" failures="0" tests="5" name="com.qa.opencarttesting.tests.HomePageTest" time="0.066" errors="0" timestamp="2025-08-12T02:03:42 IST" skipped="0">
  <testcase classname="com.qa.opencarttesting.tests.HomePageTest" name="verifyNumberOfSubheading" time="0.006"/>
  <testcase classname="com.qa.opencarttesting.tests.HomePageTest" name="verifyNumberOfSubheading" time="0.026"/>
  <testcase classname="com.qa.opencarttesting.tests.HomePageTest" name="verifyNumberOfSubheading" time="0.024"/>
  <testcase classname="com.qa.opencarttesting.tests.HomePageTest" name="verifyNumberOfSubheading" time="0.003"/>
  <testcase classname="com.qa.opencarttesting.tests.HomePageTest" name="verifyNumberOfSubheading" time="0.007"/>
</testsuite> <!-- com.qa.opencarttesting.tests.HomePageTest -->
