<?xml version="1.0" encoding="UTF-8"?>
<!-- Generated by org.testng.reporters.JUnitReportReporter -->
<testsuite hostname="192.168.1.6" failures="0" tests="1" name="com.qa.opencarttesting.tests.LoginPageTest" time="0.712" errors="0" timestamp="2025-08-14T14:57:47 IST" skipped="0">
  <testcase classname="com.qa.opencarttesting.tests.LoginPageTest" name="doLoginTest" time="0.712"/>
</testsuite> <!-- com.qa.opencarttesting.tests.LoginPageTest -->
