<?xml version="1.0" encoding="UTF-8"?>
<!-- Generated by org.testng.reporters.JUnitReportReporter -->
<testsuite hostname="192.168.1.13" failures="0" tests="5" name="com.qa.opencarttesting.tests.HomePageTest" time="0.963" errors="0" timestamp="2025-08-10T17:14:32 IST" skipped="0">
  <testcase classname="com.qa.opencarttesting.tests.HomePageTest" name="verifyNumberOfSubheading" time="0.007"/>
  <testcase classname="com.qa.opencarttesting.tests.HomePageTest" name="verifyNumberOfSubheading" time="0.011"/>
  <testcase classname="com.qa.opencarttesting.tests.HomePageTest" name="verifyNumberOfSubheading" time="0.902"/>
  <testcase classname="com.qa.opencarttesting.tests.HomePageTest" name="verifyNumberOfSubheading" time="0.012"/>
  <testcase classname="com.qa.opencarttesting.tests.HomePageTest" name="verifyNumberOfSubheading" time="0.031"/>
</testsuite> <!-- com.qa.opencarttesting.tests.HomePageTest -->
