<?xml version="1.0" encoding="UTF-8"?>
<!-- Generated by org.testng.reporters.JUnitReportReporter -->
<testsuite hostname="192.168.1.32" failures="0" tests="4" name="com.savinshetty.seleniumtest.test.LoginPageTest" time="5.832" errors="0" timestamp="2025-04-20T04:03:09 IST" skipped="3">
  <testcase classname="com.savinshetty.seleniumtest.test.LoginPageTest" name="loginTest" time="5.832"/>
  <testcase classname="com.savinshetty.seleniumtest.test.LoginPageTest" name="passwordTest">
    <skipped/>
  </testcase> <!-- passwordTest -->
  <testcase classname="com.savinshetty.seleniumtest.test.LoginPageTest" name="loginButtonTest">
    <skipped/>
  </testcase> <!-- loginButtonTest -->
  <testcase classname="com.savinshetty.seleniumtest.test.LoginPageTest" name="userNameTest">
    <skipped/>
  </testcase> <!-- userNameTest -->
</testsuite> <!-- com.savinshetty.seleniumtest.test.LoginPageTest -->
