<?xml version="1.0" encoding="UTF-8"?>
<!-- Generated by org.testng.reporters.JUnitReportReporter -->
<testsuite hostname="192.168.1.32" failures="0" tests="1" name="com.savinshetty.seleniumtest.test.RegisterAccountPageTest" time="10.306" errors="0" timestamp="2025-04-21T00:32:05 IST" skipped="0">
  <testcase classname="com.savinshetty.seleniumtest.test.RegisterAccountPageTest" name="doRegisterAccountTest" time="10.306"/>
</testsuite> <!-- com.savinshetty.seleniumtest.test.RegisterAccountPageTest -->
